<?xml version="1.0" encoding="UTF-8"?>
<testsuite xmlns:xsi="http://www.w3.org/2001/XMLSchema-instance" xsi:noNamespaceSchemaLocation="https://maven.apache.org/surefire/maven-surefire-plugin/xsd/surefire-test-report.xsd" name="test.AppTest" time="0.046" tests="1" errors="0" skipped="0" failures="0">
  <properties>
    <property name="java.specification.version" value="16"/>
    <property name="sun.cpu.isalist" value="amd64"/>
    <property name="sun.jnu.encoding" value="Cp1252"/>
    <property name="java.class.path" value="C:\Users\nalal\Desktop\sample\sumo\target\test-classes;C:\Users\nalal\Desktop\sample\sumo\target\classes;C:\Users\nalal\.m2\repository\junit\junit\4.11\junit-4.11.jar;C:\Users\nalal\.m2\repository\org\hamcrest\hamcrest-core\1.3\hamcrest-core-1.3.jar;"/>
    <property name="java.vm.vendor" value="Oracle Corporation"/>
    <property name="sun.arch.data.model" value="64"/>
    <property name="user.variant" value=""/>
    <property name="java.vendor.url" value="https://java.oracle.com/"/>
    <property name="user.timezone" value="Asia/Calcutta"/>
    <property name="os.name" value="Windows 10"/>
    <property name="java.vm.specification.version" value="16"/>
    <property name="sun.java.launcher" value="SUN_STANDARD"/>
    <property name="user.country" value="IN"/>
    <property name="sun.boot.library.path" value="C:\Users\nalal\Downloads\openjdk-16.0.1_windows-x64_bin\jdk-16.0.1\bin"/>
    <property name="sun.java.command" value="C:\Users\nalal\AppData\Local\Temp\surefire16573166283960582495\surefirebooter3329401602010956274.jar C:\Users\nalal\AppData\Local\Temp\surefire16573166283960582495 2021-07-14T18-30-40_671-jvmRun1 surefire18277726682282236637tmp surefire_01957547275389437542tmp"/>
    <property name="jdk.debug" value="release"/>
    <property name="surefire.test.class.path" value="C:\Users\nalal\Desktop\sample\sumo\target\test-classes;C:\Users\nalal\Desktop\sample\sumo\target\classes;C:\Users\nalal\.m2\repository\junit\junit\4.11\junit-4.11.jar;C:\Users\nalal\.m2\repository\org\hamcrest\hamcrest-core\1.3\hamcrest-core-1.3.jar;"/>
    <property name="sun.cpu.endian" value="little"/>
    <property name="user.home" value="C:\Users\nalal"/>
    <property name="user.language" value="en"/>
    <property name="java.specification.vendor" value="Oracle Corporation"/>
    <property name="java.version.date" value="2021-04-20"/>
    <property name="java.home" value="C:\Users\nalal\Downloads\openjdk-16.0.1_windows-x64_bin\jdk-16.0.1"/>
    <property name="file.separator" value="\"/>
    <property name="basedir" value="C:\Users\nalal\Desktop\sample\sumo"/>
    <property name="java.vm.compressedOopsMode" value="32-bit"/>
    <property name="line.separator" value="&#10;"/>
    <property name="java.vm.specification.vendor" value="Oracle Corporation"/>
    <property name="java.specification.name" value="Java Platform API Specification"/>
    <property name="surefire.real.class.path" value="C:\Users\nalal\AppData\Local\Temp\surefire16573166283960582495\surefirebooter3329401602010956274.jar"/>
    <property name="user.script" value=""/>
    <property name="sun.management.compiler" value="HotSpot 64-Bit Tiered Compilers"/>
    <property name="java.runtime.version" value="16.0.1+9-24"/>
    <property name="user.name" value="nalal"/>
    <property name="path.separator" value=";"/>
    <property name="os.version" value="10.0"/>
    <property name="java.runtime.name" value="OpenJDK Runtime Environment"/>
    <property name="file.encoding" value="Cp1252"/>
    <property name="java.vm.name" value="OpenJDK 64-Bit Server VM"/>
    <property name="localRepository" value="C:\Users\nalal\.m2\repository"/>
    <property name="java.vendor.url.bug" value="https://bugreport.java.com/bugreport/"/>
    <property name="java.io.tmpdir" value="C:\Users\nalal\AppData\Local\Temp\"/>
    <property name="java.version" value="16.0.1"/>
    <property name="user.dir" value="C:\Users\nalal\Desktop\sample\sumo"/>
    <property name="os.arch" value="amd64"/>
    <property name="java.vm.specification.name" value="Java Virtual Machine Specification"/>
    <property name="sun.os.patch.level" value=""/>
    <property name="java.library.path" value="C:\Users\nalal\Downloads\openjdk-16.0.1_windows-x64_bin\jdk-16.0.1\bin;C:\WINDOWS\Sun\Java\bin;C:\WINDOWS\system32;C:\WINDOWS;C:\Users\nalal\bin;C:\Program Files\Git\mingw64\bin;C:\Program Files\Git\usr\local\bin;C:\Program Files\Git\usr\bin;C:\Program Files\Git\usr\bin;C:\Program Files\Git\mingw64\bin;C:\Program Files\Git\usr\bin;C:\Users\nalal\bin;C:\Program Files\Python39\Scripts;C:\Program Files\Python39;C:\Users\nalal\Downloads\apache-ant-1.9.15-bin\apache-ant-1.9.15\bin;C:\Program Files\Git\cmd;C:\Users\nalal\Downloads\apache-maven-3.8.1-bin\apache-maven-3.8.1\bin;C:\Users\nalal\Downloads\openjdk-16.0.1_windows-x64_bin\jdk-16.0.1\bin;C:\Users\nalal\AppData\Roaming\Python\Python39;C:\Users\nalal\AppData\Roaming\Python\Python39\Scripts;C:\Users\nalal\Downloads\openjdk-16.0.1_windows-x64_bin\jdk-16.0.1\bin;C:\Program Files\Git\usr\bin\vendor_perl;C:\Program Files\Git\usr\bin\core_perl;."/>
    <property name="java.vm.info" value="mixed mode, sharing"/>
    <property name="java.vendor" value="Oracle Corporation"/>
    <property name="java.vm.version" value="16.0.1+9-24"/>
    <property name="sun.io.unicode.encoding" value="UnicodeLittle"/>
    <property name="java.class.version" value="60.0"/>
  </properties>
  <testcase name="shouldAnswerWithTrue" classname="test.AppTest" time="0.002"/>
</testsuite>